TN:
SF:resolvers\authResolvers.js
FN:6,login
FNF:1
FNH:0
FNDA:0,login
DA:1,1
DA:2,1
DA:3,1
DA:4,1
DA:5,1
DA:6,1
DA:7,0
DA:8,0
DA:9,0
DA:10,1
DA:11,1
DA:12,1
DA:13,1
DA:14,1
DA:15,1
DA:16,1
LF:16
LH:13
BRF:0
BRH:0
end_of_record
TN:
SF:resolvers\groupResolvers.js
FN:11,groups
FN:17,upsertGroup
FN:21,removeGroup
FNF:3
FNH:0
FNDA:0,groups
FNDA:0,upsertGroup
FNDA:0,removeGroup
DA:1,1
DA:2,1
DA:3,1
DA:4,1
DA:5,1
DA:6,1
DA:7,1
DA:8,1
DA:9,1
DA:10,1
DA:11,1
DA:12,0
DA:13,0
DA:14,0
DA:15,1
DA:16,1
DA:17,1
DA:18,0
DA:19,0
DA:20,1
DA:21,1
DA:22,0
DA:23,0
DA:24,0
DA:25,1
DA:26,1
DA:27,1
DA:28,1
DA:29,1
DA:30,1
DA:31,1
LF:31
LH:23
BRF:0
BRH:0
end_of_record
TN:
SF:resolvers\taskResolvers.js
FN:11,tasks
FN:17,upsertTask
FN:21,removeTask
FNF:3
FNH:0
FNDA:0,tasks
FNDA:0,upsertTask
FNDA:0,removeTask
DA:1,1
DA:2,1
DA:3,1
DA:4,1
DA:5,1
DA:6,1
DA:7,1
DA:8,1
DA:9,1
DA:10,1
DA:11,1
DA:12,0
DA:13,0
DA:14,0
DA:15,1
DA:16,1
DA:17,1
DA:18,0
DA:19,0
DA:20,1
DA:21,1
DA:22,0
DA:23,0
DA:24,0
DA:25,1
DA:26,1
DA:27,1
DA:28,1
DA:29,1
DA:30,1
DA:31,1
LF:31
LH:23
BRF:0
BRH:0
end_of_record
TN:
SF:resolvers\userResolvers.js
FN:11,users
FN:17,upsertUser
FN:21,removeUser
FNF:3
FNH:0
FNDA:0,users
FNDA:0,upsertUser
FNDA:0,removeUser
DA:1,1
DA:2,1
DA:3,1
DA:4,1
DA:5,1
DA:6,1
DA:7,1
DA:8,1
DA:9,1
DA:10,1
DA:11,1
DA:12,0
DA:13,0
DA:14,0
DA:15,1
DA:16,1
DA:17,1
DA:18,0
DA:19,0
DA:20,1
DA:21,1
DA:22,0
DA:23,0
DA:24,0
DA:25,1
DA:26,1
DA:27,1
DA:28,1
DA:29,1
DA:30,1
DA:31,1
LF:31
LH:23
BRF:0
BRH:0
end_of_record
TN:
SF:schemas\Group.js
FNF:0
FNH:0
DA:1,1
DA:2,1
DA:3,1
DA:4,1
DA:5,1
DA:6,1
DA:7,1
DA:8,1
DA:9,1
DA:10,1
DA:11,1
DA:12,1
DA:13,1
DA:14,1
LF:14
LH:14
BRF:0
BRH:0
end_of_record
TN:
SF:schemas\Task.js
FNF:0
FNH:0
DA:1,1
DA:2,1
DA:3,1
DA:4,1
DA:5,1
DA:6,1
DA:7,1
DA:8,1
DA:9,1
DA:10,1
DA:11,1
DA:12,1
DA:13,1
DA:14,1
DA:15,1
DA:16,1
DA:17,1
DA:18,1
DA:19,1
DA:20,1
DA:21,1
LF:21
LH:21
BRF:0
BRH:0
end_of_record
TN:
SF:schemas\User.js
FNF:0
FNH:0
DA:1,1
DA:2,1
DA:3,1
DA:4,1
DA:5,1
DA:6,1
DA:7,1
DA:8,1
DA:9,1
DA:10,1
DA:11,1
DA:12,1
DA:13,1
DA:14,1
DA:15,1
DA:16,1
DA:17,1
DA:18,1
LF:18
LH:18
BRF:0
BRH:0
end_of_record
TN:
SF:services\auth-service.js
FN:6,doLogin
FNF:1
FNH:0
FNDA:0,doLogin
DA:1,1
DA:2,1
DA:3,1
DA:4,1
DA:5,1
DA:6,1
DA:7,0
DA:8,0
DA:9,0
DA:10,0
DA:11,0
DA:12,0
DA:13,0
DA:14,0
DA:15,0
DA:16,0
DA:17,0
DA:18,0
DA:19,0
DA:20,0
DA:21,0
DA:22,0
DA:23,0
DA:24,0
DA:25,0
DA:26,1
DA:27,1
LF:27
LH:8
BRF:0
BRH:0
end_of_record
TN:
SF:services\base-service.js
FN:3,Object.<anonymous>.module.exports
FN:4,get
FN:8,upsert
FN:16,remove
FNF:4
FNH:1
FNDA:3,Object.<anonymous>.module.exports
FNDA:0,get
FNDA:0,upsert
FNDA:0,remove
DA:1,1
DA:2,1
DA:3,1
DA:4,3
DA:5,0
DA:6,3
DA:7,3
DA:8,3
DA:9,0
DA:10,0
DA:11,0
DA:12,0
DA:13,0
DA:14,3
DA:15,3
DA:16,3
DA:17,0
DA:18,0
DA:19,0
DA:20,0
DA:21,0
DA:22,3
DA:23,3
DA:24,3
LF:24
LH:13
BRDA:3,0,0,3
BRF:1
BRH:1
end_of_record
TN:
SF:utils\Constants.js
FNF:0
FNH:0
DA:1,1
DA:2,1
DA:3,1
DA:4,1
DA:5,1
DA:6,1
DA:7,1
DA:8,1
DA:9,1
DA:10,1
DA:11,1
DA:12,1
LF:12
LH:12
BRF:0
BRH:0
end_of_record
TN:
SF:utils\utils.js
FN:3,getSecretKey
FNF:1
FNH:0
FNDA:0,getSecretKey
DA:1,1
DA:2,1
DA:3,1
DA:4,0
DA:5,0
DA:6,1
DA:7,1
LF:7
LH:5
BRF:0
BRH:0
end_of_record
